Jan 31 21:20:53 Installed: mailx-12.5-19.el7.x86_64
Jan 31 21:20:53 Installed: libreport-filesystem-2.1.11-42.el7.centos.x86_64
Jan 31 21:20:54 Installed: mdadm-4.1-rc1_2.el7.x86_64
Jan 31 21:20:54 Installed: 1:smartmontools-6.5-1.el7.x86_64
Jan 31 21:20:54 Installed: hdparm-9.43-5.el7.x86_64
Jan 31 21:20:54 Installed: gdisk-0.8.10-2.el7.x86_64
Jan 31 21:42:25 Installed: wget-1.14-18.el7.x86_64
Jan 31 22:35:31 Installed: mpfr-3.1.1-4.el7.x86_64
Jan 31 22:35:31 Installed: libmpc-1.0.1-3.el7.x86_64
Jan 31 22:35:33 Installed: cpp-4.8.5-36.el7.x86_64
Jan 31 22:35:35 Installed: kernel-headers-3.10.0-957.1.3.el7.x86_64
Jan 31 22:35:35 Installed: glibc-headers-2.17-260.el7.x86_64
Jan 31 22:35:35 Installed: glibc-devel-2.17-260.el7.x86_64
Jan 31 22:35:37 Installed: gcc-4.8.5-36.el7.x86_64
Jan 31 22:36:13 Installed: m4-1.4.16-10.el7.x86_64
Jan 31 22:36:13 Installed: bison-3.0.4-2.el7.x86_64
Jan 31 22:36:39 Installed: flex-2.5.37-6.el7.x86_64
Jan 31 22:43:14 Installed: ncurses-devel-5.9-14.20130511.el7_4.x86_64
Feb 01 00:25:19 Installed: bc-1.06.95-13.el7.x86_64
Feb 01 00:27:30 Installed: zlib-devel-1.2.7-18.el7.x86_64
Feb 01 00:27:30 Installed: elfutils-libelf-devel-0.172-2.el7.x86_64
Feb 01 00:30:30 Installed: keyutils-libs-devel-1.5.8-3.el7.x86_64
Feb 01 00:30:30 Installed: libcom_err-devel-1.42.9-13.el7.x86_64
Feb 01 00:30:30 Installed: libsepol-devel-2.5-10.el7.x86_64
Feb 01 00:30:31 Installed: pcre-devel-8.32-17.el7.x86_64
Feb 01 00:30:31 Installed: libselinux-devel-2.5-14.1.el7.x86_64
Feb 01 00:30:31 Installed: libverto-devel-0.2.5-4.el7.x86_64
Feb 01 00:30:31 Installed: libkadm5-1.15.1-34.el7.x86_64
Feb 01 00:30:31 Installed: krb5-devel-1.15.1-34.el7.x86_64
Feb 01 00:30:33 Installed: 1:openssl-devel-1.0.2k-16.el7.x86_64
Feb 02 22:16:18 Installed: 1:perl-parent-0.225-244.el7.noarch
Feb 02 22:16:18 Installed: perl-HTTP-Tiny-0.033-3.el7.noarch
Feb 02 22:16:18 Installed: perl-podlators-2.5.1-3.el7.noarch
Feb 02 22:16:18 Installed: perl-Pod-Perldoc-3.20-4.el7.noarch
Feb 02 22:16:19 Installed: 1:perl-Pod-Escapes-1.04-294.el7_6.noarch
Feb 02 22:16:19 Installed: perl-Text-ParseWords-3.29-4.el7.noarch
Feb 02 22:16:19 Installed: perl-Encode-2.51-7.el7.x86_64
Feb 02 22:16:19 Installed: perl-Pod-Usage-1.63-3.el7.noarch
Feb 02 22:16:20 Installed: 4:perl-libs-5.16.3-294.el7_6.x86_64
Feb 02 22:16:21 Installed: 4:perl-macros-5.16.3-294.el7_6.x86_64
Feb 02 22:16:21 Installed: perl-Storable-2.45-3.el7.x86_64
Feb 02 22:16:21 Installed: perl-Exporter-5.68-3.el7.noarch
Feb 02 22:16:21 Installed: perl-constant-1.27-2.el7.noarch
Feb 02 22:16:21 Installed: perl-Time-Local-1.2300-2.el7.noarch
Feb 02 22:16:21 Installed: perl-Carp-1.26-244.el7.noarch
Feb 02 22:16:21 Installed: 4:perl-Time-HiRes-1.9725-3.el7.x86_64
Feb 02 22:16:21 Installed: perl-PathTools-3.40-5.el7.x86_64
Feb 02 22:16:21 Installed: perl-Scalar-List-Utils-1.27-248.el7.x86_64
Feb 02 22:16:22 Installed: perl-File-Temp-0.23.01-3.el7.noarch
Feb 02 22:16:22 Installed: perl-File-Path-2.09-2.el7.noarch
Feb 02 22:16:22 Installed: perl-threads-shared-1.43-6.el7.x86_64
Feb 02 22:16:22 Installed: perl-threads-1.87-4.el7.x86_64
Feb 02 22:16:22 Installed: perl-Filter-1.49-3.el7.x86_64
Feb 02 22:16:22 Installed: perl-Socket-2.010-4.el7.x86_64
Feb 02 22:16:22 Installed: 1:perl-Pod-Simple-3.28-4.el7.noarch
Feb 02 22:16:22 Installed: perl-Getopt-Long-2.40-3.el7.noarch
Feb 02 22:16:27 Installed: 4:perl-5.16.3-294.el7_6.x86_64
Feb 02 22:16:46 Installed: fuse-devel-2.9.2-11.el7.x86_64
Feb 02 22:26:36 Installed: epel-release-7-11.noarch
Feb 02 23:11:02 Installed: squashfs-tools-4.3-0.21.gitaae0aff4.el7.x86_64
Feb 02 23:12:44 Installed: oprofile-0.9.9-27.el7.x86_64
Feb 02 23:13:39 Updated: systemd-libs-219-62.el7_6.3.x86_64
Feb 02 23:13:42 Updated: systemd-219-62.el7_6.3.x86_64
Feb 02 23:13:42 Updated: systemd-sysv-219-62.el7_6.3.x86_64
Feb 02 23:18:12 Installed: 3:mcelog-144-9.94d853b2ea81.el7.x86_64
Feb 03 01:31:29 Installed: xz-lzma-compat-5.2.2-1.el7.x86_64

Summary:
4.20.6_OTUS_rulit #1 Sun Feb 3 01:35:07 UTC 2019 x86_64 x86_64 x86_64 GNU/Linux
